<?xml version="1.0" encoding="UTF-8"?>
<testsuite xmlns:xsi="http://www.w3.org/2001/XMLSchema-instance" xsi:noNamespaceSchemaLocation="https://maven.apache.org/surefire/maven-surefire-plugin/xsd/surefire-test-report.xsd" name="com.esiea.tp4A.MarsRoverTest" time="0.672" tests="58" errors="0" skipped="0" failures="0">
  <properties>
    <property name="java.specification.version" value="13"/>
    <property name="sun.cpu.isalist" value="amd64"/>
    <property name="sun.jnu.encoding" value="Cp1252"/>
    <property name="java.class.path" value="C:\Users\Sasi Govind\Documents\my_java_projects\TeamSJ-4A\target\test-classes;C:\Users\Sasi Govind\Documents\my_java_projects\TeamSJ-4A\target\classes;C:\Users\Sasi Govind\.m2\repository\com\fasterxml\jackson\core\jackson-core\2.10.3\jackson-core-2.10.3.jar;C:\Users\Sasi Govind\.m2\repository\org\junit\jupiter\junit-jupiter\5.6.0\junit-jupiter-5.6.0.jar;C:\Users\Sasi Govind\.m2\repository\org\junit\jupiter\junit-jupiter-api\5.6.0\junit-jupiter-api-5.6.0.jar;C:\Users\Sasi Govind\.m2\repository\org\apiguardian\apiguardian-api\1.1.0\apiguardian-api-1.1.0.jar;C:\Users\Sasi Govind\.m2\repository\org\opentest4j\opentest4j\1.2.0\opentest4j-1.2.0.jar;C:\Users\Sasi Govind\.m2\repository\org\junit\platform\junit-platform-commons\1.6.0\junit-platform-commons-1.6.0.jar;C:\Users\Sasi Govind\.m2\repository\org\junit\jupiter\junit-jupiter-params\5.6.0\junit-jupiter-params-5.6.0.jar;C:\Users\Sasi Govind\.m2\repository\org\junit\jupiter\junit-jupiter-engine\5.6.0\junit-jupiter-engine-5.6.0.jar;C:\Users\Sasi Govind\.m2\repository\org\junit\platform\junit-platform-engine\1.6.0\junit-platform-engine-1.6.0.jar;C:\Users\Sasi Govind\.m2\repository\org\assertj\assertj-core\3.14.0\assertj-core-3.14.0.jar;C:\Users\Sasi Govind\.m2\repository\com\google\code\gson\gson\2.8.5\gson-2.8.5.jar;"/>
    <property name="java.vm.vendor" value="Oracle Corporation"/>
    <property name="sun.arch.data.model" value="64"/>
    <property name="user.variant" value=""/>
    <property name="java.vendor.url" value="https://java.oracle.com/"/>
    <property name="user.timezone" value="Europe/Paris"/>
    <property name="os.name" value="Windows 10"/>
    <property name="java.vm.specification.version" value="13"/>
    <property name="sun.java.launcher" value="SUN_STANDARD"/>
    <property name="user.country" value="FR"/>
    <property name="sun.boot.library.path" value="C:\Program Files\Java\jdk-13.0.2\bin"/>
    <property name="sun.java.command" value="C:\Users\SASIGO~1\AppData\Local\Temp\surefire16158260373704862853\surefirebooter709191892290341806.jar C:\Users\Sasi Govind\AppData\Local\Temp\surefire16158260373704862853 2020-04-12T17-29-57_115-jvmRun1 surefire5357621213367534031tmp surefire_07683194622345058012tmp"/>
    <property name="jdk.debug" value="release"/>
    <property name="surefire.test.class.path" value="C:\Users\Sasi Govind\Documents\my_java_projects\TeamSJ-4A\target\test-classes;C:\Users\Sasi Govind\Documents\my_java_projects\TeamSJ-4A\target\classes;C:\Users\Sasi Govind\.m2\repository\com\fasterxml\jackson\core\jackson-core\2.10.3\jackson-core-2.10.3.jar;C:\Users\Sasi Govind\.m2\repository\org\junit\jupiter\junit-jupiter\5.6.0\junit-jupiter-5.6.0.jar;C:\Users\Sasi Govind\.m2\repository\org\junit\jupiter\junit-jupiter-api\5.6.0\junit-jupiter-api-5.6.0.jar;C:\Users\Sasi Govind\.m2\repository\org\apiguardian\apiguardian-api\1.1.0\apiguardian-api-1.1.0.jar;C:\Users\Sasi Govind\.m2\repository\org\opentest4j\opentest4j\1.2.0\opentest4j-1.2.0.jar;C:\Users\Sasi Govind\.m2\repository\org\junit\platform\junit-platform-commons\1.6.0\junit-platform-commons-1.6.0.jar;C:\Users\Sasi Govind\.m2\repository\org\junit\jupiter\junit-jupiter-params\5.6.0\junit-jupiter-params-5.6.0.jar;C:\Users\Sasi Govind\.m2\repository\org\junit\jupiter\junit-jupiter-engine\5.6.0\junit-jupiter-engine-5.6.0.jar;C:\Users\Sasi Govind\.m2\repository\org\junit\platform\junit-platform-engine\1.6.0\junit-platform-engine-1.6.0.jar;C:\Users\Sasi Govind\.m2\repository\org\assertj\assertj-core\3.14.0\assertj-core-3.14.0.jar;C:\Users\Sasi Govind\.m2\repository\com\google\code\gson\gson\2.8.5\gson-2.8.5.jar;"/>
    <property name="sun.cpu.endian" value="little"/>
    <property name="user.home" value="C:\Users\Sasi Govind"/>
    <property name="user.language" value="fr"/>
    <property name="java.specification.vendor" value="Oracle Corporation"/>
    <property name="java.version.date" value="2020-01-14"/>
    <property name="java.home" value="C:\Program Files\Java\jdk-13.0.2"/>
    <property name="file.separator" value="\"/>
    <property name="basedir" value="C:\Users\Sasi Govind\Documents\my_java_projects\TeamSJ-4A"/>
    <property name="java.vm.compressedOopsMode" value="Zero based"/>
    <property name="line.separator" value="&#10;"/>
    <property name="java.vm.specification.vendor" value="Oracle Corporation"/>
    <property name="java.specification.name" value="Java Platform API Specification"/>
    <property name="surefire.real.class.path" value="C:\Users\SASIGO~1\AppData\Local\Temp\surefire16158260373704862853\surefirebooter709191892290341806.jar"/>
    <property name="user.script" value=""/>
    <property name="sun.management.compiler" value="HotSpot 64-Bit Tiered Compilers"/>
    <property name="java.runtime.version" value="13.0.2+8"/>
    <property name="user.name" value="Sasi Govind"/>
    <property name="path.separator" value=";"/>
    <property name="os.version" value="10.0"/>
    <property name="java.runtime.name" value="Java(TM) SE Runtime Environment"/>
    <property name="file.encoding" value="Cp1252"/>
    <property name="java.vm.name" value="Java HotSpot(TM) 64-Bit Server VM"/>
    <property name="localRepository" value="C:\Users\Sasi Govind\.m2\repository"/>
    <property name="java.vendor.url.bug" value="https://bugreport.java.com/bugreport/"/>
    <property name="java.io.tmpdir" value="C:\Users\SASIGO~1\AppData\Local\Temp\"/>
    <property name="java.version" value="13.0.2"/>
    <property name="user.dir" value="C:\Users\Sasi Govind\Documents\my_java_projects\TeamSJ-4A"/>
    <property name="os.arch" value="amd64"/>
    <property name="java.vm.specification.name" value="Java Virtual Machine Specification"/>
    <property name="sun.os.patch.level" value=""/>
    <property name="idea.version2019.3.3" value="true"/>
    <property name="java.library.path" value="C:\Program Files\Java\jdk-13.0.2\bin;C:\WINDOWS\Sun\Java\bin;C:\WINDOWS\system32;C:\WINDOWS;C:\WINDOWS\system32;C:\WINDOWS;C:\WINDOWS\System32\Wbem;C:\WINDOWS\System32\WindowsPowerShell\v1.0\;C:\WINDOWS\System32\OpenSSH\;C:\Program Files\nodejs\;C:\Program Files\Git\cmd;C:\Program Files\TortoiseGit\bin;C:\Program Files\NVIDIA Corporation\NVIDIA NvDLISR;C:\WINDOWS\system32;C:\WINDOWS;C:\WINDOWS\System32\Wbem;C:\WINDOWS\System32\WindowsPowerShell\v1.0\;C:\WINDOWS\System32\OpenSSH\;C:\Program Files (x86)\Gpg4win\..\GnuPG\bin;C:\Program Files\Intel\WiFi\bin\;C:\Program Files\Common Files\Intel\WirelessCommon\;C:\Program Files\Java\jdk-13.0.2\bin;C:\Program Files\apache-maven-3.6.3\bin;C:\Program Files\MATLAB\R2017b\runtime\win64;C:\Program Files\MATLAB\R2017b\bin;C:\Users\Sasi Govind\AppData\Local\Microsoft\WindowsApps;C:\Program Files\Intel\WiFi\bin\;C:\Program Files\Common Files\Intel\WirelessCommon\;C:\Users\Sasi Govind\AppData\Roaming\npm;C:\Users\Sasi Govind\AppData\Local\Programs\Microsoft VS Code\bin;C:\Program Files\Java\jdk-13.0.2\bin;;C:\Program Files\JetBrains\IntelliJ IDEA Community Edition 2019.3.3\bin;;."/>
    <property name="java.vm.info" value="mixed mode, sharing"/>
    <property name="java.vendor" value="Oracle Corporation"/>
    <property name="java.vm.version" value="13.0.2+8"/>
    <property name="sun.io.unicode.encoding" value="UnicodeLittle"/>
    <property name="java.class.version" value="57.0"/>
  </properties>
  <testcase name="rover_laser_shoot{int, int, Direction, String, int, int, Direction}[1]" classname="com.esiea.tp4A.MarsRoverTest" time="0.039"/>
  <testcase name="rover_laser_shoot{int, int, Direction, String, int, int, Direction}[2]" classname="com.esiea.tp4A.MarsRoverTest" time="0.05"/>
  <testcase name="rover_laser_shoot{int, int, Direction, String, int, int, Direction}[3]" classname="com.esiea.tp4A.MarsRoverTest" time="0.002"/>
  <testcase name="rover_laser_shoot{int, int, Direction, String, int, int, Direction}[4]" classname="com.esiea.tp4A.MarsRoverTest" time="0.032"/>
  <testcase name="rover_laser_shoot{int, int, Direction, String, int, int, Direction}[5]" classname="com.esiea.tp4A.MarsRoverTest" time="0.003"/>
  <testcase name="rover_laser_shoot{int, int, Direction, String, int, int, Direction}[6]" classname="com.esiea.tp4A.MarsRoverTest" time="0.002"/>
  <testcase name="rover_laser_shoot{int, int, Direction, String, int, int, Direction}[7]" classname="com.esiea.tp4A.MarsRoverTest" time="0.008"/>
  <testcase name="rover_laser_shoot{int, int, Direction, String, int, int, Direction}[8]" classname="com.esiea.tp4A.MarsRoverTest" time="0.006"/>
  <testcase name="rover_laser_shoot{int, int, Direction, String, int, int, Direction}[9]" classname="com.esiea.tp4A.MarsRoverTest" time="0.001"/>
  <testcase name="rover_laser_shoot{int, int, Direction, String, int, int, Direction}[10]" classname="com.esiea.tp4A.MarsRoverTest" time="0.005"/>
  <testcase name="rover_laser_shoot{int, int, Direction, String, int, int, Direction}[11]" classname="com.esiea.tp4A.MarsRoverTest" time="0.002"/>
  <testcase name="rover_laser_shoot{int, int, Direction, String, int, int, Direction}[12]" classname="com.esiea.tp4A.MarsRoverTest" time="0.005"/>
  <testcase name="rover_limit_positions{int, int, Direction, String, int, int, Direction}[1]" classname="com.esiea.tp4A.MarsRoverTest" time="0.008"/>
  <testcase name="rover_limit_positions{int, int, Direction, String, int, int, Direction}[2]" classname="com.esiea.tp4A.MarsRoverTest" time="0.02"/>
  <testcase name="rover_limit_positions{int, int, Direction, String, int, int, Direction}[3]" classname="com.esiea.tp4A.MarsRoverTest" time="0.002"/>
  <testcase name="rover_limit_positions{int, int, Direction, String, int, int, Direction}[4]" classname="com.esiea.tp4A.MarsRoverTest" time="0.007"/>
  <testcase name="rover_limit_positions{int, int, Direction, String, int, int, Direction}[5]" classname="com.esiea.tp4A.MarsRoverTest" time="0.017"/>
  <testcase name="rover_limit_positions{int, int, Direction, String, int, int, Direction}[6]" classname="com.esiea.tp4A.MarsRoverTest" time="0.005"/>
  <testcase name="rover_limit_positions{int, int, Direction, String, int, int, Direction}[7]" classname="com.esiea.tp4A.MarsRoverTest" time="0.005"/>
  <testcase name="rover_limit_positions{int, int, Direction, String, int, int, Direction}[8]" classname="com.esiea.tp4A.MarsRoverTest" time="0.017"/>
  <testcase name="rover_limit_positions{int, int, Direction, String, int, int, Direction}[9]" classname="com.esiea.tp4A.MarsRoverTest" time="0.004"/>
  <testcase name="rover_limit_positions{int, int, Direction, String, int, int, Direction}[10]" classname="com.esiea.tp4A.MarsRoverTest" time="0.015"/>
  <testcase name="rover_limit_positions{int, int, Direction, String, int, int, Direction}[11]" classname="com.esiea.tp4A.MarsRoverTest" time="0.001"/>
  <testcase name="rover_dead_shoot{int, int, Direction, String, int, int, Direction}[1]" classname="com.esiea.tp4A.MarsRoverTest" time="0.001"/>
  <testcase name="rover_dead_shoot{int, int, Direction, String, int, int, Direction}[2]" classname="com.esiea.tp4A.MarsRoverTest" time="0.019"/>
  <testcase name="rover_dead_shoot{int, int, Direction, String, int, int, Direction}[3]" classname="com.esiea.tp4A.MarsRoverTest" time="0.015"/>
  <testcase name="rover_dead_shoot{int, int, Direction, String, int, int, Direction}[4]" classname="com.esiea.tp4A.MarsRoverTest" time="0.001"/>
  <testcase name="rover_dead_shoot{int, int, Direction, String, int, int, Direction}[5]" classname="com.esiea.tp4A.MarsRoverTest" time="0.074"/>
  <testcase name="rover_dead_shoot{int, int, Direction, String, int, int, Direction}[6]" classname="com.esiea.tp4A.MarsRoverTest" time="0.003"/>
  <testcase name="rover_dead_shoot{int, int, Direction, String, int, int, Direction}[7]" classname="com.esiea.tp4A.MarsRoverTest" time="0.018"/>
  <testcase name="rover_dead_shoot{int, int, Direction, String, int, int, Direction}[8]" classname="com.esiea.tp4A.MarsRoverTest" time="0.013"/>
  <testcase name="rover_dead_shoot{int, int, Direction, String, int, int, Direction}[9]" classname="com.esiea.tp4A.MarsRoverTest" time="0"/>
  <testcase name="rover_dead_shoot{int, int, Direction, String, int, int, Direction}[10]" classname="com.esiea.tp4A.MarsRoverTest" time="0.017"/>
  <testcase name="rover_dead_shoot{int, int, Direction, String, int, int, Direction}[11]" classname="com.esiea.tp4A.MarsRoverTest" time="0.004"/>
  <testcase name="rover_dead_shoot{int, int, Direction, String, int, int, Direction}[12]" classname="com.esiea.tp4A.MarsRoverTest" time="0.001"/>
  <testcase name="rover_stays_at_initial_position{String, int, int, Direction}[1]" classname="com.esiea.tp4A.MarsRoverTest" time="0.014"/>
  <testcase name="rover_stays_at_initial_position{String, int, int, Direction}[2]" classname="com.esiea.tp4A.MarsRoverTest" time="0.001"/>
  <testcase name="rover_stays_at_initial_position{String, int, int, Direction}[3]" classname="com.esiea.tp4A.MarsRoverTest" time="0.014"/>
  <testcase name="rover_stays_at_initial_position{String, int, int, Direction}[4]" classname="com.esiea.tp4A.MarsRoverTest" time="0.008"/>
  <testcase name="rover_stays_at_initial_position{String, int, int, Direction}[5]" classname="com.esiea.tp4A.MarsRoverTest" time="0"/>
  <testcase name="rover_stays_at_initial_position{String, int, int, Direction}[6]" classname="com.esiea.tp4A.MarsRoverTest" time="0.031"/>
  <testcase name="rover_stays_at_initial_position{String, int, int, Direction}[7]" classname="com.esiea.tp4A.MarsRoverTest" time="0.016"/>
  <testcase name="rover_stays_at_initial_position{String, int, int, Direction}[8]" classname="com.esiea.tp4A.MarsRoverTest" time="0.001"/>
  <testcase name="rover_stays_at_initial_position{String, int, int, Direction}[9]" classname="com.esiea.tp4A.MarsRoverTest" time="0"/>
  <testcase name="rover_stays_at_initial_position{String, int, int, Direction}[10]" classname="com.esiea.tp4A.MarsRoverTest" time="0.004"/>
  <testcase name="rover_stays_at_initial_position{String, int, int, Direction}[11]" classname="com.esiea.tp4A.MarsRoverTest" time="0.017"/>
  <testcase name="rover_stays_at_initial_position{String, int, int, Direction}[12]" classname="com.esiea.tp4A.MarsRoverTest" time="0.015"/>
  <testcase name="rover_stays_at_initial_position{String, int, int, Direction}[13]" classname="com.esiea.tp4A.MarsRoverTest" time="0.001"/>
  <testcase name="rover_detect_obstacles{int, int, Direction, String, int, int, Direction}[1]" classname="com.esiea.tp4A.MarsRoverTest" time="0.001"/>
  <testcase name="rover_detect_obstacles{int, int, Direction, String, int, int, Direction}[2]" classname="com.esiea.tp4A.MarsRoverTest" time="0.014"/>
  <testcase name="rover_detect_obstacles{int, int, Direction, String, int, int, Direction}[3]" classname="com.esiea.tp4A.MarsRoverTest" time="0.001"/>
  <testcase name="rover_detect_obstacles{int, int, Direction, String, int, int, Direction}[4]" classname="com.esiea.tp4A.MarsRoverTest" time="0.013"/>
  <testcase name="rover_detect_obstacles{int, int, Direction, String, int, int, Direction}[5]" classname="com.esiea.tp4A.MarsRoverTest" time="0.014"/>
  <testcase name="rover_detect_obstacles{int, int, Direction, String, int, int, Direction}[6]" classname="com.esiea.tp4A.MarsRoverTest" time="0.004"/>
  <testcase name="rover_detect_obstacles{int, int, Direction, String, int, int, Direction}[7]" classname="com.esiea.tp4A.MarsRoverTest" time="0.002"/>
  <testcase name="rover_detect_obstacles{int, int, Direction, String, int, int, Direction}[8]" classname="com.esiea.tp4A.MarsRoverTest" time="0.004"/>
  <testcase name="rover_detect_obstacles{int, int, Direction, String, int, int, Direction}[9]" classname="com.esiea.tp4A.MarsRoverTest" time="0.001"/>
  <testcase name="rover_detect_obstacles{int, int, Direction, String, int, int, Direction}[10]" classname="com.esiea.tp4A.MarsRoverTest" time="0.015"/>
</testsuite>